<?xml version="1.0" encoding="UTF-8"?>
<testsuite name="edu.jsu.mcis.VolumeCalculatorTest" tests="4" skipped="0" failures="0" errors="0" timestamp="2016-02-04T22:41:08" hostname="AdamsPC" time="0.015">
  <properties/>
  <testcase name="testGetHight" classname="edu.jsu.mcis.VolumeCalculatorTest" time="0.006"/>
  <testcase name="testGetWidth" classname="edu.jsu.mcis.VolumeCalculatorTest" time="0.001"/>
  <testcase name="testGetLength" classname="edu.jsu.mcis.VolumeCalculatorTest" time="0.002"/>
  <testcase name="testGetVolume" classname="edu.jsu.mcis.VolumeCalculatorTest" time="0.001"/>
  <system-out><![CDATA[]]></system-out>
  <system-err><![CDATA[]]></system-err>
</testsuite>
